<?xml version="1.0" encoding="UTF-8"?>
<testsuite xmlns:xsi="http://www.w3.org/2001/XMLSchema-instance" xsi:noNamespaceSchemaLocation="https://maven.apache.org/surefire/maven-surefire-plugin/xsd/surefire-test-report-3.0.xsd" version="3.0" name="org.generation.CalculatorTest" time="0.007" tests="3" errors="0" skipped="0" failures="0">
  <properties>
[...]
</properties>
  <testcase name="divisionTest" classname="org.generation.CalculatorTest" time="0.001"/>
  <testcase name="addTest" classname="org.generation.CalculatorTest" time="0.001"/>
  <testcase name="substractionTest" classname="org.generation.CalculatorTest" time="0.001"/>
</testsuite>